Mechanism3D/Library/Bee/Android/Prj/Mono2x/Gradle/launcher/build/intermediates/manifest_merge_blame_file/release/manifest-merger-blame-release-report.txt
1<?xml version="1.0" encoding="utf-8"?>
2<manifest xmlns:android="http://schemas.android.com/apk/res/android"
3    package="com.DefaultCompany.MechSim3D"
4    android:installLocation="preferExternal"
5    android:versionCode="1"
6    android:versionName="0.1" >
7
8    <uses-sdk
9        android:minSdkVersion="22"
9-->src\main\AndroidManifest.xml
10        android:targetSdkVersion="32" />
10-->src\main\AndroidManifest.xml
11
12    <supports-screens
12-->src\main\AndroidManifest.xml:4:3-163
13        android:anyDensity="true"
13-->src\main\AndroidManifest.xml:4:135-160
14        android:largeScreens="true"
14-->src\main\AndroidManifest.xml:4:78-105
15        android:normalScreens="true"
15-->src\main\AndroidManifest.xml:4:49-77
16        android:smallScreens="true"
16-->src\main\AndroidManifest.xml:4:21-48
17        android:xlargeScreens="true" />
17-->src\main\AndroidManifest.xml:4:106-134
18
19    <uses-permission android:name="android.permission.INTERNET" />
19-->[:unityLibrary] AndroidManifest.xml:10:5-67
19-->[:unityLibrary] AndroidManifest.xml:10:22-64
20    <uses-permission android:name="android.permission.WRITE_EXTERNAL_STORAGE" />
20-->[:unityLibrary] AndroidManifest.xml:11:5-81
20-->[:unityLibrary] AndroidManifest.xml:11:22-78
21
22    <uses-feature android:glEsVersion="0x00030000" />
22-->[:unityLibrary] AndroidManifest.xml:13:5-54
22-->[:unityLibrary] AndroidManifest.xml:13:19-51
23    <uses-feature
23-->[:unityLibrary] AndroidManifest.xml:14:5-16:36
24        android:name="android.hardware.vulkan.version"
24-->[:unityLibrary] AndroidManifest.xml:15:9-55
25        android:required="false" />
25-->[:unityLibrary] AndroidManifest.xml:16:9-33
26    <uses-feature
26-->[:unityLibrary] AndroidManifest.xml:17:5-19:36
27        android:name="android.hardware.touchscreen"
27-->[:unityLibrary] AndroidManifest.xml:18:9-52
28        android:required="false" />
28-->[:unityLibrary] AndroidManifest.xml:19:9-33
29    <uses-feature
29-->[:unityLibrary] AndroidManifest.xml:20:5-22:36
30        android:name="android.hardware.touchscreen.multitouch"
30-->[:unityLibrary] AndroidManifest.xml:21:9-63
31        android:required="false" />
31-->[:unityLibrary] AndroidManifest.xml:22:9-33
32    <uses-feature
32-->[:unityLibrary] AndroidManifest.xml:23:5-25:36
33        android:name="android.hardware.touchscreen.multitouch.distinct"
33-->[:unityLibrary] AndroidManifest.xml:24:9-72
34        android:required="false" />
34-->[:unityLibrary] AndroidManifest.xml:25:9-33
35    <uses-feature
35-->[:NativeCamera:] AndroidManifest.xml:12:2-82
36        android:name="android.hardware.camera"
36-->[:NativeCamera:] AndroidManifest.xml:12:16-54
37        android:required="false" />
37-->[:NativeCamera:] AndroidManifest.xml:12:55-79
38    <uses-feature
38-->[:NativeCamera:] AndroidManifest.xml:13:2-88
39        android:name="android.hardware.camera.front"
39-->[:NativeCamera:] AndroidManifest.xml:13:16-60
40        android:required="false" />
40-->[:NativeCamera:] AndroidManifest.xml:13:61-85
41
42    <uses-permission android:name="android.permission.READ_EXTERNAL_STORAGE" />
42-->[:NativeCamera:] AndroidManifest.xml:14:2-98
42-->[:NativeCamera:] AndroidManifest.xml:14:19-74
43    <uses-permission android:name="android.permission.READ_MEDIA_IMAGES" />
43-->[:NativeCamera:] AndroidManifest.xml:16:2-94
43-->[:NativeCamera:] AndroidManifest.xml:16:19-70
44    <uses-permission android:name="android.permission.READ_MEDIA_VIDEO" />
44-->[:NativeCamera:] AndroidManifest.xml:17:2-93
44-->[:NativeCamera:] AndroidManifest.xml:17:19-69
45
46    <application
46-->src\main\AndroidManifest.xml:3:3-83
47        android:extractNativeLibs="true"
47-->[:unityLibrary] AndroidManifest.xml:27:18-50
48        android:icon="@mipmap/app_icon"
48-->src\main\AndroidManifest.xml:3:49-80
49        android:label="@string/app_name" >
49-->src\main\AndroidManifest.xml:3:16-48
50        <meta-data
50-->[:unityLibrary] AndroidManifest.xml:28:9-30:33
51            android:name="unity.splash-mode"
51-->[:unityLibrary] AndroidManifest.xml:29:13-45
52            android:value="0" />
52-->[:unityLibrary] AndroidManifest.xml:30:13-30
53        <meta-data
53-->[:unityLibrary] AndroidManifest.xml:31:9-33:36
54            android:name="unity.splash-enable"
54-->[:unityLibrary] AndroidManifest.xml:32:13-47
55            android:value="True" />
55-->[:unityLibrary] AndroidManifest.xml:33:13-33
56        <meta-data
56-->[:unityLibrary] AndroidManifest.xml:34:9-36:36
57            android:name="unity.launch-fullscreen"
57-->[:unityLibrary] AndroidManifest.xml:35:13-51
58            android:value="True" />
58-->[:unityLibrary] AndroidManifest.xml:36:13-33
59        <meta-data
59-->[:unityLibrary] AndroidManifest.xml:37:9-39:37
60            android:name="unity.allow-resizable-window"
60-->[:unityLibrary] AndroidManifest.xml:38:13-56
61            android:value="False" />
61-->[:unityLibrary] AndroidManifest.xml:39:13-34
62        <meta-data
62-->[:unityLibrary] AndroidManifest.xml:40:9-42:50
63            android:name="notch.config"
63-->[:unityLibrary] AndroidManifest.xml:41:13-40
64            android:value="portrait|landscape" />
64-->[:unityLibrary] AndroidManifest.xml:42:13-47
65        <meta-data
65-->[:unityLibrary] AndroidManifest.xml:43:9-45:36
66            android:name="unity.auto-report-fully-drawn"
66-->[:unityLibrary] AndroidManifest.xml:44:13-57
67            android:value="true" />
67-->[:unityLibrary] AndroidManifest.xml:45:13-33
68
69        <activity
69-->[:unityLibrary] AndroidManifest.xml:47:9-68:20
70            android:name="com.unity3d.player.UnityPlayerActivity"
70-->[:unityLibrary] AndroidManifest.xml:48:13-66
71            android:configChanges="mcc|mnc|locale|touchscreen|keyboard|keyboardHidden|navigation|orientation|screenLayout|uiMode|screenSize|smallestScreenSize|fontScale|layoutDirection|density"
71-->[:unityLibrary] AndroidManifest.xml:49:13-194
72            android:exported="true"
72-->[:unityLibrary] AndroidManifest.xml:50:13-36
73            android:hardwareAccelerated="false"
73-->[:unityLibrary] AndroidManifest.xml:51:13-48
74            android:launchMode="singleTask"
74-->[:unityLibrary] AndroidManifest.xml:52:13-44
75            android:resizeableActivity="false"
75-->[:unityLibrary] AndroidManifest.xml:53:13-47
76            android:screenOrientation="fullUser"
76-->[:unityLibrary] AndroidManifest.xml:54:13-49
77            android:theme="@style/UnityThemeSelector" >
77-->[:unityLibrary] AndroidManifest.xml:55:13-54
78            <intent-filter>
78-->[:unityLibrary] AndroidManifest.xml:56:13-60:29
79                <category android:name="android.intent.category.LAUNCHER" />
79-->[:unityLibrary] AndroidManifest.xml:57:17-77
79-->[:unityLibrary] AndroidManifest.xml:57:27-74
80
81                <action android:name="android.intent.action.MAIN" />
81-->[:unityLibrary] AndroidManifest.xml:59:17-69
81-->[:unityLibrary] AndroidManifest.xml:59:25-66
82            </intent-filter>
83
84            <meta-data
84-->[:unityLibrary] AndroidManifest.xml:62:13-64:40
85                android:name="unityplayer.UnityActivity"
85-->[:unityLibrary] AndroidManifest.xml:63:17-57
86                android:value="true" />
86-->[:unityLibrary] AndroidManifest.xml:64:17-37
87            <meta-data
87-->[:unityLibrary] AndroidManifest.xml:65:13-67:40
88                android:name="notch_support"
88-->[:unityLibrary] AndroidManifest.xml:66:17-45
89                android:value="true" />
89-->[:unityLibrary] AndroidManifest.xml:67:17-37
90        </activity>
91
92        <provider
92-->[:NativeCamera:] AndroidManifest.xml:4:3-8:42
93            android:name="com.yasirkula.unity.NativeCameraContentProvider"
93-->[:NativeCamera:] AndroidManifest.xml:5:5-67
94            android:authorities="com.DefaultCompany.MechSim3D.NativeCameraContentProvider"
94-->[:NativeCamera:] AndroidManifest.xml:6:5-71
95            android:exported="false"
95-->[:NativeCamera:] AndroidManifest.xml:7:5-29
96            android:grantUriPermissions="true" />
96-->[:NativeCamera:] AndroidManifest.xml:8:5-39
97    </application>
98
99</manifest>